<?xml version="1.0" encoding="UTF-8"?>
<robot generator="Robot 5.0.1 (Python 3.10.12 on win32)" generated="20260517 18:02:44.637" rpa="false" schemaversion="3">
<suite id="s1" name="Test" source="c:\Users\antoi\Desktop\Python_lernen\Gitpourdebutants\test.robot">
<test id="s1-t1" name="0001_Mein_Erste_Test" line="2">
<kw name="Log" library="BuiltIn">
<arg>Hallo Robot Framework.</arg>
<doc>Logs the given message with the given level.</doc>
<msg timestamp="20260517 18:02:45.170" level="INFO">Hallo Robot Framework.</msg>
<status status="PASS" starttime="20260517 18:02:45.166" endtime="20260517 18:02:45.198"/>
</kw>
<status status="PASS" starttime="20260517 18:02:45.150" endtime="20260517 18:02:45.211"/>
</test>
<test id="s1-t2" name="0002_Temperatur_Sensor_Test" line="5">
<kw name="Log" library="BuiltIn">
<arg>Sensor getestet.</arg>
<doc>Logs the given message with the given level.</doc>
<msg timestamp="20260517 18:02:45.248" level="INFO">Sensor getestet.</msg>
<status status="PASS" starttime="20260517 18:02:45.242" endtime="20260517 18:02:45.251"/>
</kw>
<status status="PASS" starttime="20260517 18:02:45.229" endtime="20260517 18:02:45.266"/>
</test>
<test id="s1-t3" name="0003_Sensor_Starten" line="8">
<kw name="Log" library="BuiltIn">
<arg>Sensor gestartet.</arg>
<doc>Logs the given message with the given level.</doc>
<msg timestamp="20260517 18:02:45.313" level="INFO">Sensor gestartet.</msg>
<status status="PASS" starttime="20260517 18:02:45.308" endtime="20260517 18:02:45.315"/>
</kw>
<status status="PASS" starttime="20260517 18:02:45.297" endtime="20260517 18:02:45.328"/>
</test>
<status status="PASS" starttime="20260517 18:02:44.729" endtime="20260517 18:02:45.359"/>
</suite>
<statistics>
<total>
<stat pass="3" fail="0" skip="0">All Tests</stat>
</total>
<tag>
</tag>
<suite>
<stat pass="3" fail="0" skip="0" id="s1" name="Test">Test</stat>
</suite>
</statistics>
<errors>
</errors>
</robot>
